warning: Git tree '/home/chloe/NixOS' is dirty
building the system configuration...
warning: Git tree '/home/chloe/NixOS' is dirty
evaluation warning: chloe profile: stylix: qt: `config.stylix.targets.qt.platform` other than 'qtct' are currently unsupported: gnome. Support may be added in the future.
evaluation warning: chloe profile: The value `gnome` for option `qt.platformTheme.name` is deprecated. Use `adwaita` instead.
evaluation warning: chloe-inventor profile: stylix: qt: `config.stylix.targets.qt.platform` other than 'qtct' are currently unsupported: gnome. Support may be added in the future.
evaluation warning: chloe-inventor profile: The value `gnome` for option `qt.platformTheme.name` is deprecated. Use `adwaita` instead.
these 94 derivations will be built:
  /nix/store/01cw6s54ch5wlmb32hc3j5rg94rzqva9-hm_environment.d10homemanager.conf.drv
  /nix/store/05jfm49kihivgj5lpgcf4drni39iiyc5-hm-session-vars.sh.drv
  /nix/store/0b50gl4q95am7gkn3m3mgf9mcc8ac4qi-hm_environment.d10homemanager.conf.drv
  /nix/store/6a1c29m9c9vqsjkdrybpcz2qghli46j3-fix-paths.patch.drv
  /nix/store/jpyrqfbfm97lpiy2jzv0cy9nxx1nnyd1-org.gnome.login-screen.gschema.override.drv
  /nix/store/hdrj2pd68478adm7s1hq4j00q4spflfs-gdm-48.0.drv
  /nix/store/qw8ijqqim4v9g4wy0j3kxy1ilk0fqr8z-fix-paths.patch.drv
  /nix/store/7x422502fpvavs6arsj9mr835di50s6z-gnome-shell-48.2.drv
  /nix/store/znda14wrxchcyhwnidqamm9lhd447mzq-fix-paths.patch.drv
  /nix/store/iz8vnmmdayg8nhhc9n402lqi8kcmxmk2-gnome-session-48.0.drv
  /nix/store/mqpy03pivwd1ck4kmxzk19ckmqzv4l9k-0001-fix-paths.patch.drv
  /nix/store/xlwyf5gw13sz8pv6r8784ak74r5bb19n-gnome-initial-setup-48.1.drv
  /nix/store/1l3782x3lpnvyk2lihz3vydlg9jdwxgx-user-generators.drv
  /nix/store/1pnyjb85mxbj2x1fsnzzcl7shk3qbanl-X11-fonts.drv
  /nix/store/bjhx95maapacvkfpnmcfjmqq9sgiaydq-extra-udev-rules.drv
  /nix/store/sz9x04zf030rx7b6n2k8g0mws14dng9n-udev-rules.drv
  /nix/store/hrr8ihx4rxzx644qjkzxcqv6igvjs3p9-X-Restart-Triggers-systemd-udevd.drv
  /nix/store/236l0hb134v0sgbq5miahs3cwaanllh5-unit-systemd-udevd.service.drv
  /nix/store/3p4d8fg1rm33prg09vlgwkwzxb1kgmc7-blender-4.4.3-fish-completions.drv
  /nix/store/5sid5sxgdnfqb0p8dgnfc32dd5s3z95z-qgnomeplatform-0.8.4-fish-completions.drv
  /nix/store/vl3m7pkx3w51jd14y1sr658p268ixqam-hm-session-vars.sh.drv
  /nix/store/6f1l80w74n7cyv5p6p3i5pn7g35yaark-home-manager-path.drv
  /nix/store/pppk9wfi1r5p57iz570zga93s6xr7z7g-man-paths.drv
  /nix/store/ljz2zzs9bsj7pj53pkm4v69mqq50ai6l-man-cache.drv
  /nix/store/4i3vx80jxby5mw68qjqzmzkm3kwl7f94-hm_.manpath.drv
  /nix/store/ikxiypcbz8hilwl1vzxjscc29hclvran-qgnomeplatform-0.8.4-fish-completions.drv
  /nix/store/ingqlkac94p12by9gdw73x1ps4mg0k0c-adwaita-qt-1.4.2-fish-completions.drv
  /nix/store/kxw6lfgr1rns6gmb8p2svcx5x7x0fxxs-hm-session-vars.sh-fish-completions.drv
  /nix/store/zfrzy9isj6wrcraa7i04ncjlygbd4n2x-adwaita-qt-1.4.2-fish-completions.drv
  /nix/store/9g6l10sgnh5f9k2r06mlxasjfahfzbx8-chloe-fish-completions.drv
  /nix/store/hwfgcgs03n1dp2lh0f3syn70wlwd64dl-hm_fontconfigconf.d10hmfonts.conf.drv
  /nix/store/cqdza2d401nakh82v3p1llpw3dxl024c-hm-session-vars.fish.drv
  /nix/store/w8r8gpbg3j0vkgdjvgvhyrjasxa061pn-config.fish.drv
  /nix/store/akkdjjzmig66al9an50ak97dp445ys4n-home-manager-files.drv
  /nix/store/ilwvbwhbd7nvfc2zvhb6nfn2pfjqlmir-home-manager-generation.drv
  /nix/store/ai7v5wk8pwyds589lh1f4x9y5rg02ncd-unit-home-manager-chloe.service.drv
  /nix/store/5pnmlr4lm0gsp2910xvly1n189y5y8ig-nixos-tmpfiles.d.drv
  /nix/store/20jjafgr9szg1sg5v1gcgbsmassi31r0-tmpfiles.d.drv
  /nix/store/avfh24jdd5lav9wi204r0r6x94q4rn9h-X-Restart-Triggers-systemd-tmpfiles-resetup.drv
  /nix/store/ds2z9irk7kp9bn6v0n16nk06b40clvz0-unit-systemd-tmpfiles-resetup.service.drv
  /nix/store/zllk6i6dqkxp5chqw7krngajdqa3d9m4-home-manager-path.drv
  /nix/store/s268ramfyjyw50grdqal1c7wiqpjkid3-hm_fontconfigconf.d10hmfonts.conf.drv
  /nix/store/ad50cxn42zc826p7ah2sfcz4qaksgaj6-home-manager-files.drv
  /nix/store/ccdkvzwg0ryvrzd2n77cxwjqzqqpym9y-home-manager-generation.drv
  /nix/store/g559scqsj7x00q7qflb1z89qgfz7x7yx-unit-home-manager-chloe-x2dinventor.service.drv
  /nix/store/idz9nd6irjd9pndsvg0z858z69gy5h8v-unit-display-manager.service.drv
  /nix/store/73dwb3xaxd4mzxbv6vqk0dih4dni1487-nixos-generate-config.drv
  /nix/store/66gnn5b9gy32wrv31dmmjvrihbxh6pyb-gtksourceview-5.16.0.drv
  /nix/store/7g0wdfb1ly5ihpfvcwp5dll42abyblx3-gnome-calculator-48.1.drv
  /nix/store/8xv9pw7h3crnrdwj5xhcgwyqd20g04n3-libspelling-0.4.8.drv
  /nix/store/jm4z1yhbgz6x30yshgnddbli2xhw87y2-gnome-text-editor-48.3.drv
  /nix/store/rcwax6xvhzys8q0vvpkdq9pqqxkfmjyd-gnome-browser-connector-42.1.drv
  /nix/store/8rnp4jcwdm5412m09l3vzwpjy9d10dqw-steam-run-fhsenv-rootfs.drv
  /nix/store/f68jyzhnnlpqba1gkgzc1v1knsh84v2f-steam-run-bwrap.drv
  /nix/store/rfgkp24avkh7rg9y6rrxf3icsfw3jbwq-steam-run.drv
  /nix/store/jiqkcxg1vfd210mij7zkmfkxfhkli7jy-steam-fhsenv-rootfs.drv
  /nix/store/kixbd7zpvhsfxg6n914vqxqlirsngx1l-steam-bwrap.drv
  /nix/store/yf0fc8m9pfwslzikassq2wv1f84jnkgg-steam.drv
  /nix/store/a8kp2r40p50x3dlv6kyp2ni85fbmmf4m-gtksourceview-4.8.4.drv
  /nix/store/zqxx9jlvnmnha14kl91grv0w03nw8x6l-sushi-46.0.drv
  /nix/store/gppvavdrydwf3hy86ya046nn3cdmb0bj-system-path.drv
  /nix/store/yb55sj8314fk282rnjb4prf2pb3885z1-X-Restart-Triggers-polkit.drv
  /nix/store/jdgysf1jkpgqnw7s03z0bm4a0b2b3hyi-unit-polkit.service.drv
  /nix/store/lk381rww46dznrxmnrpn3w5s51n3884k-unit-accounts-daemon.service.drv
  /nix/store/bnmx0gxgvhrxcpilmrkw3yqp3s0f0gqy-dbus-1.drv
  /nix/store/jqaaqyd6acsv7sfxg8sjwf5p2bddk1kn-X-Restart-Triggers-dbus.drv
  /nix/store/wcdp31m07s3nxv19z4qqid78gblq68z4-unit-dbus.service.drv
  /nix/store/1v38n1n418j259gy4c71mfjdk4pn0vjp-system-units.drv
  /nix/store/4vh1hnada02vj3yvasjrvqqpxfcnrp0p-gnome-gsettings-overrides.drv
  /nix/store/x0fn9g59mmmw3bi7qws0c3wn5zw7igd9-desktops.drv
  /nix/store/31ay1g6c0vy8znrwp98z3gn845cy9dll-set-environment.drv
  /nix/store/3a9hwdkny3z0drl09gjy06m64syz20id-exec.drv
  /nix/store/4q404zcp7mrkwv7brpjjdx1acjqzhqml-etc-pam-environment.drv
  /nix/store/7gfsg667hs5fpshan0zkdlwawb15klip-users-groups.json.drv
  /nix/store/8p19742gl17skdj08wi1fjvmdc1fmj6i-hwdb.bin.drv
  /nix/store/aj3y0zpm8p1x9sgwg29nlkqlmvs045zx-system-shutdown.drv
  /nix/store/dx3x6qaklbbvrscdsx19ya0jpyzx0diz-user-environment.drv
  /nix/store/ji5xv7hvxzpkmhz611kki8lgr0hsaa1h-check-dconf-db.drv
  /nix/store/jblr3b4dj1ap2ib6djxzrcfqh5y5ffsd-gnome-initial-setup.drv
  /nix/store/wwxsjcx5y8dwm171b4yi4rkl90023rk5-gdm.drv
  /nix/store/g9rpysp01irasrya19lzl46si6q7m4cr-dconf-system-config.drv
  /nix/store/l3b41mx90xnydiisi97s77b7i9fy318q-config.ini.drv
  /nix/store/nh4a83nq52mz42xjiwwrjykcmaqqpzzr-ly.pam.drv
  /nix/store/yn8pzr2xhffqc7ci6rx3p87fxndr7p66-unit-dbus.service.drv
  /nix/store/p5869m8hlqhbak5aj9y52dlh8qinyp02-user-units.drv
  /nix/store/j8w8vyvrd0dkf19h9jz3sgnp1d9di5jy-fc-cache.drv
  /nix/store/jvwmmc810w3v6lilc5xj0svs2s38ri7d-fc-00-nixos-cache.conf.drv
  /nix/store/5np72jgirmmqw0djzcxc2qg3x71z79r1-fontconfig-conf.drv
  /nix/store/pa5yv36dr00lpbqvviin18mfhl4bvv4v-fontconfig-etc.drv
  /nix/store/rc6qqjfbjvi50rf4qfl9c0yr7hsj09rf-etc-profile.drv
  /nix/store/wgilsqsqymaq90zxhpwpsad31dmah41c-system-generators.drv
  /nix/store/yn1dm2hbh8wz5qdn39hm8bbfjwfizr0f-user-environment.drv
  /nix/store/sxbjsi6kpa960lwcb7jr3rcb5ci9j3fd-etc.drv
  /nix/store/59m58wc13kfghfz0dglhzl783ih3lrgd-nixos-system-chloe-laptop-25.05.20251107.6faeb06.drv
these 128 paths will be fetched (24.85 MiB download, 133.79 MiB unpacked):
  /nix/store/fsxdkg08hx6h95snvfh6j7b5w5k427x0-0001-gdm-Work-around-failing-fingerprint-auth.patch
  /nix/store/v925ggb8dm2qyp2z0w0p0fs79pl91cxw-1dbbb01da98140e0b2d5d0c6c2df29247650ed83.patch
  /nix/store/2a3l4yp1n36v39bbj3j2lk5p68dmxc49-685b3bd08869c2aefe33fad696a7f5f2dc831016.patch
  /nix/store/xpj46248zdxn14814cn3yczpgwxmcjlc-accountsservice-23.13.9-dev
  /nix/store/0cv1vmd6rm7h1sfsxghq119b8zvdyl2n-acl-2.3.2-dev
  /nix/store/723xi6clv9aiiq9v09yn6fz3q7kgfj66-adwaita-qt-1.4.2
  /nix/store/z5rlcd2cp1b4rk63bwp13p0qxkxh786k-adwaita-qt-1.4.2
  /nix/store/g8b63b9hvmdjmzjgz8825svg275bmqn2-appstream-1.0.4-dev
  /nix/store/9a45yz6hzrcdimd01nlc4nymaj4svxcc-attr-2.5.2-dev
  /nix/store/k1aazaljfhjmcaafz5h0jd1l644k30dz-audit-4.1.0
  /nix/store/sfyqiv0a0q6csl537d2v321ph8dxxmy6-audit-4.1.0-dev
  /nix/store/3xy869z2k1pln4gd7sagphqshvxvrihq-babelfish-1.2.1
  /nix/store/p7nbrrmzh0mz2g14j1vmp7icj1yw0ifr-ccecd9c975d04da80db4cd547b67a1a94fa83292.patch
  /nix/store/5iqih36v1cxyd0rzmvs9whs5hl02m1gs-db-5.3.28-bin
  /nix/store/yhqryy0655xjlsi15a0n5aq562rqaq04-db-5.3.28-dev
  /nix/store/yl52xwbjmir064yv1kgzghj4cykqhsa6-dconf-0.40.0-dev
  /nix/store/sakhyrlvvksa4sr3p8iaqp74vkb4pwkx-docbook-xml-4.1.2
  /nix/store/a6nfav642ygwkhp43hcrcz9kkw3lsd17-docbook-xsl-nons-1.79.2
  /nix/store/zy151zw5176aia5jzsv6dzikp3hrc773-editorconfig-core-c-0.12.9-dev
  /nix/store/2gq94fc5mcy2dmh1g1dxcd238knxwxr5-enchant-2.6.9-dev
  /nix/store/aijdh70psai1q37wfvqxaw5hcg5cffkp-ensure-all-wrappers-paths-exist
  /nix/store/0dp5n3fp4idbcyk2lf311plysk06f61v-ensure-newer-sources-hook
  /nix/store/6f0j1h997i0zs8kdd4c3r1b9yqvwi5f9-evince-48.0-dev
  /nix/store/4d629j5vliw1hx5f6la53vh9j9qmabc2-evolution-data-server-3.56.2-dev
  /nix/store/1ypx0s6jz3076sqja0ij63r6i4hwc7a9-fhs-rootfs-bulder
  /nix/store/wzb5p46bvkrvcj6aq8wdl918r35vy6r9-font-alias-1.0.5
  /nix/store/k86n3zj4j3n8h6ylggwwrz8q0b2as7a1-fonts.conf
  /nix/store/br0b9s1vgf9xa57x975qkrggidfsazvh-gcr-4.4.0.1-bin
  /nix/store/rwvgylk66pskc8gh01byqz57q0zsv0kc-gcr-4.4.0.1-dev
  /nix/store/z7jyr4cs00d1yc28s54g4ra3vggmn2np-gdm-48.0.tar.xz
  /nix/store/fzp7a5906pmm6rfkwmxx158wd962zpk2-geoclue-2.7.2-dev
  /nix/store/4a6k9zdnbjm5ln6sskrxk25vgagfhym6-geocode-glib-3.26.4-dev
  /nix/store/6lackim1m940lh9vns30dmqx4gd3k0bz-gi-docgen-2025.3
  /nix/store/wp370mzfk879rwq240q4zw9fc7d77p4f-gjs-1.84.2-dev
  /nix/store/5gvg7na5yg06xjn85jz4fr8q17j2hl2y-gnome-autoar-0.4.5-dev
  /nix/store/z446yc50p5v0ws7hcaz5lz4c0pb7kbsc-gnome-bluetooth-47.1-dev
  /nix/store/hv60scn4nl253l1c35d7144r2kn7x0ha-gnome-browser-connector-42.1.tar.xz
  /nix/store/0wys0xrbjdnwvcvyvyh33y74yzmycj05-gnome-calculator-48.1.tar.xz
  /nix/store/9invaa5zw0z6yxhvw0jxjzjfqxjr7a27-gnome-desktop-44.3-dev
  /nix/store/kxk7xsxcvg3acfn707yn9yrb09yacff8-gnome-initial-setup-48.1.tar.xz
  /nix/store/qq2054xqcv83nby4q3x7aks4ngky8nrs-gnome-keyring-48.0-dev
  /nix/store/202wj9ciczvxnhzvy9b012fbvlcz0xwq-gnome-session-48.0.tar.xz
  /nix/store/fyhhjkr761bpin8kvhsiy016pcxsbj2l-gnome-shell-48.2.tar.xz
  /nix/store/6xcliipv1niy7vsaij786vi4mn9gdqzg-gnome-text-editor-48.3.tar.xz
  /nix/store/h1v2phgsp6b2yrhpm0c5mynjqhf1r4g4-gnutls-3.8.9-dev
  /nix/store/c8q43wc1w3zp39043k8g6vhx5g1l19hv-gst-plugins-bad-1.26.3-dev
  /nix/store/z1xj40nhbmxs2w4zg7plxamh4kw0mahh-gst-plugins-base-1.26.3-dev
  /nix/store/hsgkrng041792rdrbfq9w02a9zhbhpm7-gst-plugins-good-1.26.3-dev
  /nix/store/wxqdd2cb5a23p1al2yj99wi69gys1aws-gst-plugins-good-1.26.3-dev
  /nix/store/b112c30cixnsw2vsl4shl9p3jkyvz2gv-gst-plugins-ugly-1.26.3-dev
  /nix/store/3lwn28gvkwd9y9la4zmsdin9b5hiq2k8-gtksourceview-4.8.4.tar.xz
  /nix/store/xh8sbxhyli0xy1jdhs9y1m121rfnllkk-gtksourceview-5.16.0.tar.xz
  /nix/store/b5aclnf26j801hc0zbvxxicr773zgws3-ibus-1.5.31-dev
  /nix/store/rx2kyxfrr9bv4h2w4kgjk8qfl5xsyra1-install-shell-files
  /nix/store/z5z78iriz8s5ryjzg5i0gzrx4i273zz3-itstool-2.0.7
  /nix/store/5z85089w31wllgq7q18fzimhz2kylxy6-jq-1.7.1-dev
  /nix/store/k3d44ynd82whk0lz276b8rz6p3qix3yk-json-glib-1.10.6-dev
  /nix/store/gkcdarrfvix7whd52m0fyz13d7c1pa6i-keyutils-1.6.3-dev
  /nix/store/w3wjya17jyps63gvp7hx03rzpdmlpjzf-krb5-1.21.3-dev
  /nix/store/dczba08mqr4jm68w4n11in492s11daa1-libXdmcp-1.1.5-dev
  /nix/store/xq4rs368aqi4m31a6h4yk9gf0fdrhksm-libadwaita-1.7.5-dev
  /nix/store/4yd95jymlilcfg4n82xrki76ni0wzs7q-libarchive-3.8.2-dev
  /nix/store/8s732afpvf1absllqzdxhd031j1m1gn0-libcap-2.75
  /nix/store/gjqca21aaf6f61ns2qwbmsgv08mjk7fa-libcap-2.75-dev
  /nix/store/f6x94sqh3avnhk4xrl7z3lh16lan1nki-libcap-2.75-man
  /nix/store/zi4cpvhnzh5kffjva0k1p476s3xkwng2-libgcrypt-1.10.3
  /nix/store/inbr3gqi4nzy50qsr5nbsqy2spdszhsz-libgcrypt-1.10.3-dev
  /nix/store/faswr9ial5yshrcr4hxp2wbimj01gz6c-libgee-0.20.8-dev
  /nix/store/29vkx6vxl4avdcsqhx7gqx4vah1gc914-libgpg-error-1.51-dev
  /nix/store/l3hxr61i3q96qvbjwlpxgg8ya3ix0w16-libgudev-238-dev
  /nix/store/ljhnssdn9lxvmyf37yxh5rgs5wim4i9s-libgweather-4.4.4-dev
  /nix/store/8wanr390w4w20dwhphcjrvy1yy35pywb-libical-3.0.20-dev
  /nix/store/s6x8is311j06h613x4kgd2b9zqlmr4bk-libnma-1.10.6-dev
  /nix/store/ymic3q60rxbly0hbxhkk93kdnhxi1cnz-libpulseaudio-17.0-dev
  /nix/store/02yjdaxlcc9f6nm42hzpk65w0ynkp1my-libpwquality-1.4.5
  /nix/store/nja86zybhyb8swrsg1954569vxwa8x3d-libpwquality-1.4.5-dev
  /nix/store/rs870h962gsgz2asl17akva68gy5w9n0-librsvg-2.60.0-dev
  /nix/store/wjq7xfz20fyybpdb6jbg7rz7f0j0ja57-libsass-3.6.6
  /nix/store/ka3y60592l3qrgifm5nhr97hrikrn68n-libsecret-0.21.7-dev
  /nix/store/0a5q7cwyfcxwa4krvbnvagymm728hs41-libselinux-3.8.1-dev
  /nix/store/ljz5w106m4v9kcf32r4r394714alqq13-libsoup-3.6.5-dev
  /nix/store/2dw5wmd5m8i3agyiczi902p72amyc2w9-libspelling-0.4.8.tar.xz
  /nix/store/hmvgn42m8svh5df5rb285r59l61fchgl-libsysprof-capture-48.0
  /nix/store/wlwiwz0d9x4ir55g320jdimj3855jmsx-libxcrypt-4.4.38-man
  /nix/store/h07251yc15xn383pqan9fi2nx1daa066-libxml2-2.13.8-dev
  /nix/store/2pisz2jspqhih5mj8dll8yrh5addr5dm-libxml2-2.13.8-py
  /nix/store/djp5f864iv0k1lj9n9clhw37giqv5in8-libxslt-1.1.43-dev
  /nix/store/nssshmf7m12xvsx9p4h3pabasyksdr7y-mesa-gl-headers-25.0.1
  /nix/store/wmj6p90va05lbrmwbgval6hvsbi3m9mn-meson-1.7.2
  /nix/store/9a2152n9cfnp59k4xzh59skvspzsim2q-mkfontscale-1.2.3
  /nix/store/jqj7ll13jpvbi5zdqfdviw76cajf1z7z-mpfr-4.2.2-dev
  /nix/store/8825wyich1jslcd3sv1p1zjkndrxfr8h-mutter-48.3.1-dev
  /nix/store/kaxjb8pccjp8fa9jahxrlmb7y2924hgl-nettle-3.10.1-dev
  /nix/store/fnsgxgbs5cgvg0zgmagxmdy8hki9yq3d-networkmanager-1.52.1-dev
  /nix/store/8995kr7c122pgg082ifdl4yxsk5cw2n5-networkmanager-1.52.1-man
  /nix/store/6xx4kcadvmx74jznh2838wx7cxgmgl7s-nspr-4.37-dev
  /nix/store/zgnqbnvjrgq8zgpc40wz42w0izm4lyaw-nss-3.101.2-dev
  /nix/store/ycrd76pkw1ri94dacdvw2i0kyyvabm07-p11-kit-0.25.5-dev
  /nix/store/y4387lqqqdm04clnvcb2w4lhdb08rgch-pcre2-10.44-bin
  /nix/store/mnc3qqzccwdwnawzynvp4i5vi50dl3bz-pcre2-10.44-dev
  /nix/store/ps2vsq4dn1605w906ivm1vaqpr33p428-plymouth-24.004.60-dev
  /nix/store/3arjz6f9xzzdyj8x2a6mhh7j3giip5h1-polkit-126-dev
  /nix/store/2c5rl9hw5n8926qavbp25mknq4jmhz29-python-catch-conflicts-hook
  /nix/store/q0pf6p4ya5zg9jwl8hfs3crrasryfx9y-python-imports-check-hook.sh
  /nix/store/n65s5xf5n7ar1k1aabb5zch3nf544fmw-python-namespaces-hook.sh
  /nix/store/zz9zr4f76i6s59vzjwacnv298nprl8qc-python-remove-bin-bytecode-hook
  /nix/store/59c5x9r7jh585pxr0np11b5sjr7dxxiz-python-remove-tests-dir-hook
  /nix/store/c0nxvy0l6g0m88v8gv56f3kynxzyq42r-python3.12-smartypants-2.0.1
  /nix/store/dqp35kv9w25jm44adn8xylp0f051ak47-python3.12-typogrify-2.1.0
  /nix/store/3cdhgr5fvqrbq4vz4sgfkyrbnmsr18f5-qgnomeplatform-0.8.4
  /nix/store/4zfdslqkz848rj9qja7ni571dsnpjcif-qgnomeplatform-0.8.4
  /nix/store/i0kinf8gi0khyn05z7b5c3d77c6bkrij-sassc-3.6.2
  /nix/store/1x8hjsv4n3qmcfqd7d5j7rz9xzdfmgbl-sushi-46.0.tar.xz
  /nix/store/xjmvxjddb449xxyf2ssxdcw4bg97ch0v-systemd-257.10-dev
  /nix/store/7jlih9fkxm6dh69yb38b78kx8hky6j72-systemd-default-tmpfiles
  /nix/store/gy80xfjag7dfn3hnbpbsc8sp3fi10qr9-upower-1.90.6-dev
  /nix/store/6754py0qnlf9rwpl7x3gw081afzl6fzq-vala-0.56.18
  /nix/store/f86jfxpmr4bx0arfg1pjsc7p6d5ypc88-w3m-0.5.3+git20230121
  /nix/store/fj772jq512yslas9yhiwiax9yb1kmfh9-webkitgtk-2.50.1+abi=4.1-dev
  /nix/store/98rgldxi2zsjydwk7lkv5q5s2701aw85-webkitgtk-2.50.1+abi=6.0-dev
  /nix/store/7gm4x5rksk7nzak94l8qdffagca1xvdm-wrap-gapps-hook
  /nix/store/8mqczdjwwia20jfiqh1gg6qxl17hqjfh-wrap-gapps-hook
  /nix/store/y9bkap0s0al06q0crbfqa0p0w8f6da4b-wrap-gapps-hook
  /nix/store/qbxhm0zxnnxvmsgh5aqcdfz6sbdjdscf-wrap-python-hook
  /nix/store/ihaw50ryd13j0fazikbsx0z568d0sq06-xmlto-0.0.29
  /nix/store/0zwcv1zm0x25jh7cbv37gdx548wqay6i-xorg-server-21.1.18
  /nix/store/wlxm9v1zg1nr3hgj9hxwhy04s5xgzam6-xtrans-1.6.0
  /nix/store/fx8hhhlbkpngv1fhl1dh1767zgvzkypl-xvfb-run-1+g87f6705
copying path '/nix/store/aijdh70psai1q37wfvqxaw5hcg5cffkp-ensure-all-wrappers-paths-exist' from 'https://cache.nixos.org'...
copying path '/nix/store/rx2kyxfrr9bv4h2w4kgjk8qfl5xsyra1-install-shell-files' from 'https://cache.nixos.org'...
building '/nix/store/7gfsg667hs5fpshan0zkdlwawb15klip-users-groups.json.drv'...
copying path '/nix/store/723xi6clv9aiiq9v09yn6fz3q7kgfj66-adwaita-qt-1.4.2' from 'https://cache.nixos.org'...
copying path '/nix/store/z5rlcd2cp1b4rk63bwp13p0qxkxh786k-adwaita-qt-1.4.2' from 'https://cache.nixos.org'...
building '/nix/store/nh4a83nq52mz42xjiwwrjykcmaqqpzzr-ly.pam.drv'...
copying path '/nix/store/fsxdkg08hx6h95snvfh6j7b5w5k427x0-0001-gdm-Work-around-failing-fingerprint-auth.patch' from 'https://cache.nixos.org'...
copying path '/nix/store/wzb5p46bvkrvcj6aq8wdl918r35vy6r9-font-alias-1.0.5' from 'https://cache.nixos.org'...
copying path '/nix/store/hv60scn4nl253l1c35d7144r2kn7x0ha-gnome-browser-connector-42.1.tar.xz' from 'https://cache.nixos.org'...
copying path '/nix/store/0wys0xrbjdnwvcvyvyh33y74yzmycj05-gnome-calculator-48.1.tar.xz' from 'https://cache.nixos.org'...
copying path '/nix/store/kxk7xsxcvg3acfn707yn9yrb09yacff8-gnome-initial-setup-48.1.tar.xz' from 'https://cache.nixos.org'...
copying path '/nix/store/fyhhjkr761bpin8kvhsiy016pcxsbj2l-gnome-shell-48.2.tar.xz' from 'https://cache.nixos.org'...
copying path '/nix/store/6xcliipv1niy7vsaij786vi4mn9gdqzg-gnome-text-editor-48.3.tar.xz' from 'https://cache.nixos.org'...
copying path '/nix/store/zz9zr4f76i6s59vzjwacnv298nprl8qc-python-remove-bin-bytecode-hook' from 'https://cache.nixos.org'...
copying path '/nix/store/59c5x9r7jh585pxr0np11b5sjr7dxxiz-python-remove-tests-dir-hook' from 'https://cache.nixos.org'...
copying path '/nix/store/1x8hjsv4n3qmcfqd7d5j7rz9xzdfmgbl-sushi-46.0.tar.xz' from 'https://cache.nixos.org'...
copying path '/nix/store/7jlih9fkxm6dh69yb38b78kx8hky6j72-systemd-default-tmpfiles' from 'https://cache.nixos.org'...
building '/nix/store/bjhx95maapacvkfpnmcfjmqq9sgiaydq-extra-udev-rules.drv'...
building '/nix/store/wwxsjcx5y8dwm171b4yi4rkl90023rk5-gdm.drv'...
building '/nix/store/5pnmlr4lm0gsp2910xvly1n189y5y8ig-nixos-tmpfiles.d.drv'...
copying path '/nix/store/nssshmf7m12xvsx9p4h3pabasyksdr7y-mesa-gl-headers-25.0.1' from 'https://cache.nixos.org'...
building '/nix/store/05jfm49kihivgj5lpgcf4drni39iiyc5-hm-session-vars.sh.drv'...
building '/nix/store/vl3m7pkx3w51jd14y1sr658p268ixqam-hm-session-vars.sh.drv'...
building '/nix/store/mqpy03pivwd1ck4kmxzk19ckmqzv4l9k-0001-fix-paths.patch.drv'...
copying path '/nix/store/v925ggb8dm2qyp2z0w0p0fs79pl91cxw-1dbbb01da98140e0b2d5d0c6c2df29247650ed83.patch' from 'https://cache.nixos.org'...
copying path '/nix/store/0cv1vmd6rm7h1sfsxghq119b8zvdyl2n-acl-2.3.2-dev' from 'https://cache.nixos.org'...
copying path '/nix/store/2a3l4yp1n36v39bbj3j2lk5p68dmxc49-685b3bd08869c2aefe33fad696a7f5f2dc831016.patch' from 'https://cache.nixos.org'...
copying path '/nix/store/g8b63b9hvmdjmzjgz8825svg275bmqn2-appstream-1.0.4-dev' from 'https://cache.nixos.org'...
copying path '/nix/store/xpj46248zdxn14814cn3yczpgwxmcjlc-accountsservice-23.13.9-dev' from 'https://cache.nixos.org'...
copying path '/nix/store/5iqih36v1cxyd0rzmvs9whs5hl02m1gs-db-5.3.28-bin' from 'https://cache.nixos.org'...
copying path '/nix/store/sakhyrlvvksa4sr3p8iaqp74vkb4pwkx-docbook-xml-4.1.2' from 'https://cache.nixos.org'...
copying path '/nix/store/3xy869z2k1pln4gd7sagphqshvxvrihq-babelfish-1.2.1' from 'https://cache.nixos.org'...
copying path '/nix/store/p7nbrrmzh0mz2g14j1vmp7icj1yw0ifr-ccecd9c975d04da80db4cd547b67a1a94fa83292.patch' from 'https://cache.nixos.org'...
copying path '/nix/store/0dp5n3fp4idbcyk2lf311plysk06f61v-ensure-newer-sources-hook' from 'https://cache.nixos.org'...
copying path '/nix/store/zy151zw5176aia5jzsv6dzikp3hrc773-editorconfig-core-c-0.12.9-dev' from 'https://cache.nixos.org'...
copying path '/nix/store/k1aazaljfhjmcaafz5h0jd1l644k30dz-audit-4.1.0' from 'https://cache.nixos.org'...
copying path '/nix/store/a6nfav642ygwkhp43hcrcz9kkw3lsd17-docbook-xsl-nons-1.79.2' from 'https://cache.nixos.org'...
copying path '/nix/store/yl52xwbjmir064yv1kgzghj4cykqhsa6-dconf-0.40.0-dev' from 'https://cache.nixos.org'...
copying path '/nix/store/9a45yz6hzrcdimd01nlc4nymaj4svxcc-attr-2.5.2-dev' from 'https://cache.nixos.org'...
copying path '/nix/store/2gq94fc5mcy2dmh1g1dxcd238knxwxr5-enchant-2.6.9-dev' from 'https://cache.nixos.org'...
building '/nix/store/3p4d8fg1rm33prg09vlgwkwzxb1kgmc7-blender-4.4.3-fish-completions.drv'...
building '/nix/store/3a9hwdkny3z0drl09gjy06m64syz20id-exec.drv'...
building '/nix/store/qw8ijqqim4v9g4wy0j3kxy1ilk0fqr8z-fix-paths.patch.drv'...
building '/nix/store/znda14wrxchcyhwnidqamm9lhd447mzq-fix-paths.patch.drv'...
building '/nix/store/01cw6s54ch5wlmb32hc3j5rg94rzqva9-hm_environment.d10homemanager.conf.drv'...
building '/nix/store/0b50gl4q95am7gkn3m3mgf9mcc8ac4qi-hm_environment.d10homemanager.conf.drv'...
building '/nix/store/jpyrqfbfm97lpiy2jzv0cy9nxx1nnyd1-org.gnome.login-screen.gschema.override.drv'...
copying path '/nix/store/6f0j1h997i0zs8kdd4c3r1b9yqvwi5f9-evince-48.0-dev' from 'https://cache.nixos.org'...
copying path '/nix/store/1ypx0s6jz3076sqja0ij63r6i4hwc7a9-fhs-rootfs-bulder' from 'https://cache.nixos.org'...
copying path '/nix/store/br0b9s1vgf9xa57x975qkrggidfsazvh-gcr-4.4.0.1-bin' from 'https://cache.nixos.org'...
copying path '/nix/store/z7jyr4cs00d1yc28s54g4ra3vggmn2np-gdm-48.0.tar.xz' from 'https://cache.nixos.org'...
copying path '/nix/store/fzp7a5906pmm6rfkwmxx158wd962zpk2-geoclue-2.7.2-dev' from 'https://cache.nixos.org'...
copying path '/nix/store/k86n3zj4j3n8h6ylggwwrz8q0b2as7a1-fonts.conf' from 'https://cache.nixos.org'...
copying path '/nix/store/4a6k9zdnbjm5ln6sskrxk25vgagfhym6-geocode-glib-3.26.4-dev' from 'https://cache.nixos.org'...
copying path '/nix/store/wp370mzfk879rwq240q4zw9fc7d77p4f-gjs-1.84.2-dev' from 'https://cache.nixos.org'...
copying path '/nix/store/z446yc50p5v0ws7hcaz5lz4c0pb7kbsc-gnome-bluetooth-47.1-dev' from 'https://cache.nixos.org'...
copying path '/nix/store/9invaa5zw0z6yxhvw0jxjzjfqxjr7a27-gnome-desktop-44.3-dev' from 'https://cache.nixos.org'...
copying path '/nix/store/qq2054xqcv83nby4q3x7aks4ngky8nrs-gnome-keyring-48.0-dev' from 'https://cache.nixos.org'...
copying path '/nix/store/202wj9ciczvxnhzvy9b012fbvlcz0xwq-gnome-session-48.0.tar.xz' from 'https://cache.nixos.org'...
copying path '/nix/store/c8q43wc1w3zp39043k8g6vhx5g1l19hv-gst-plugins-bad-1.26.3-dev' from 'https://cache.nixos.org'...
copying path '/nix/store/z1xj40nhbmxs2w4zg7plxamh4kw0mahh-gst-plugins-base-1.26.3-dev' from 'https://cache.nixos.org'...
copying path '/nix/store/hsgkrng041792rdrbfq9w02a9zhbhpm7-gst-plugins-good-1.26.3-dev' from 'https://cache.nixos.org'...
copying path '/nix/store/wxqdd2cb5a23p1al2yj99wi69gys1aws-gst-plugins-good-1.26.3-dev' from 'https://cache.nixos.org'...
building '/nix/store/ingqlkac94p12by9gdw73x1ps4mg0k0c-adwaita-qt-1.4.2-fish-completions.drv'...
building '/nix/store/zfrzy9isj6wrcraa7i04ncjlygbd4n2x-adwaita-qt-1.4.2-fish-completions.drv'...
building '/nix/store/kxw6lfgr1rns6gmb8p2svcx5x7x0fxxs-hm-session-vars.sh-fish-completions.drv'...
building '/nix/store/8p19742gl17skdj08wi1fjvmdc1fmj6i-hwdb.bin.drv'...
copying path '/nix/store/sfyqiv0a0q6csl537d2v321ph8dxxmy6-audit-4.1.0-dev' from 'https://cache.nixos.org'...
copying path '/nix/store/b112c30cixnsw2vsl4shl9p3jkyvz2gv-gst-plugins-ugly-1.26.3-dev' from 'https://cache.nixos.org'...
copying path '/nix/store/3lwn28gvkwd9y9la4zmsdin9b5hiq2k8-gtksourceview-4.8.4.tar.xz' from 'https://cache.nixos.org'...
copying path '/nix/store/xh8sbxhyli0xy1jdhs9y1m121rfnllkk-gtksourceview-5.16.0.tar.xz' from 'https://cache.nixos.org'...
copying path '/nix/store/yhqryy0655xjlsi15a0n5aq562rqaq04-db-5.3.28-dev' from 'https://cache.nixos.org'...
copying path '/nix/store/b5aclnf26j801hc0zbvxxicr773zgws3-ibus-1.5.31-dev' from 'https://cache.nixos.org'...
copying path '/nix/store/dczba08mqr4jm68w4n11in492s11daa1-libXdmcp-1.1.5-dev' from 'https://cache.nixos.org'...
copying path '/nix/store/5z85089w31wllgq7q18fzimhz2kylxy6-jq-1.7.1-dev' from 'https://cache.nixos.org'...
copying path '/nix/store/4yd95jymlilcfg4n82xrki76ni0wzs7q-libarchive-3.8.2-dev' from 'https://cache.nixos.org'...
copying path '/nix/store/w3wjya17jyps63gvp7hx03rzpdmlpjzf-krb5-1.21.3-dev' from 'https://cache.nixos.org'...
copying path '/nix/store/gkcdarrfvix7whd52m0fyz13d7c1pa6i-keyutils-1.6.3-dev' from 'https://cache.nixos.org'...
copying path '/nix/store/xq4rs368aqi4m31a6h4yk9gf0fdrhksm-libadwaita-1.7.5-dev' from 'https://cache.nixos.org'...
copying path '/nix/store/gjqca21aaf6f61ns2qwbmsgv08mjk7fa-libcap-2.75-dev' from 'https://cache.nixos.org'...
copying path '/nix/store/f6x94sqh3avnhk4xrl7z3lh16lan1nki-libcap-2.75-man' from 'https://cache.nixos.org'...
copying path '/nix/store/k3d44ynd82whk0lz276b8rz6p3qix3yk-json-glib-1.10.6-dev' from 'https://cache.nixos.org'...
copying path '/nix/store/8s732afpvf1absllqzdxhd031j1m1gn0-libcap-2.75' from 'https://cache.nixos.org'...
building '/nix/store/j8w8vyvrd0dkf19h9jz3sgnp1d9di5jy-fc-cache.drv'...
building '/nix/store/cqdza2d401nakh82v3p1llpw3dxl024c-hm-session-vars.fish.drv'...
building '/nix/store/73dwb3xaxd4mzxbv6vqk0dih4dni1487-nixos-generate-config.drv'...
building '/nix/store/20jjafgr9szg1sg5v1gcgbsmassi31r0-tmpfiles.d.drv'...
building '/nix/store/sz9x04zf030rx7b6n2k8g0mws14dng9n-udev-rules.drv'...
copying path '/nix/store/zi4cpvhnzh5kffjva0k1p476s3xkwng2-libgcrypt-1.10.3' from 'https://cache.nixos.org'...
copying path '/nix/store/faswr9ial5yshrcr4hxp2wbimj01gz6c-libgee-0.20.8-dev' from 'https://cache.nixos.org'...
copying path '/nix/store/29vkx6vxl4avdcsqhx7gqx4vah1gc914-libgpg-error-1.51-dev' from 'https://cache.nixos.org'...
copying path '/nix/store/l3hxr61i3q96qvbjwlpxgg8ya3ix0w16-libgudev-238-dev' from 'https://cache.nixos.org'...
copying path '/nix/store/ljhnssdn9lxvmyf37yxh5rgs5wim4i9s-libgweather-4.4.4-dev' from 'https://cache.nixos.org'...
copying path '/nix/store/s6x8is311j06h613x4kgd2b9zqlmr4bk-libnma-1.10.6-dev' from 'https://cache.nixos.org'...
copying path '/nix/store/02yjdaxlcc9f6nm42hzpk65w0ynkp1my-libpwquality-1.4.5' from 'https://cache.nixos.org'...
copying path '/nix/store/rs870h962gsgz2asl17akva68gy5w9n0-librsvg-2.60.0-dev' from 'https://cache.nixos.org'...
copying path '/nix/store/ka3y60592l3qrgifm5nhr97hrikrn68n-libsecret-0.21.7-dev' from 'https://cache.nixos.org'...
copying path '/nix/store/0a5q7cwyfcxwa4krvbnvagymm728hs41-libselinux-3.8.1-dev' from 'https://cache.nixos.org'...
copying path '/nix/store/ljz5w106m4v9kcf32r4r394714alqq13-libsoup-3.6.5-dev' from 'https://cache.nixos.org'...
copying path '/nix/store/h07251yc15xn383pqan9fi2nx1daa066-libxml2-2.13.8-dev' from 'https://cache.nixos.org'...
copying path '/nix/store/wjq7xfz20fyybpdb6jbg7rz7f0j0ja57-libsass-3.6.6' from 'https://cache.nixos.org'...
copying path '/nix/store/wlwiwz0d9x4ir55g320jdimj3855jmsx-libxcrypt-4.4.38-man' from 'https://cache.nixos.org'...
copying path '/nix/store/hmvgn42m8svh5df5rb285r59l61fchgl-libsysprof-capture-48.0' from 'https://cache.nixos.org'...
copying path '/nix/store/2dw5wmd5m8i3agyiczi902p72amyc2w9-libspelling-0.4.8.tar.xz' from 'https://cache.nixos.org'...
building '/nix/store/avfh24jdd5lav9wi204r0r6x94q4rn9h-X-Restart-Triggers-systemd-tmpfiles-resetup.drv'...
building '/nix/store/w8r8gpbg3j0vkgdjvgvhyrjasxa061pn-config.fish.drv'...
copying path '/nix/store/5gvg7na5yg06xjn85jz4fr8q17j2hl2y-gnome-autoar-0.4.5-dev' from 'https://cache.nixos.org'...
copying path '/nix/store/ymic3q60rxbly0hbxhkk93kdnhxi1cnz-libpulseaudio-17.0-dev' from 'https://cache.nixos.org'...
copying path '/nix/store/wmj6p90va05lbrmwbgval6hvsbi3m9mn-meson-1.7.2' from 'https://cache.nixos.org'...
copying path '/nix/store/jqj7ll13jpvbi5zdqfdviw76cajf1z7z-mpfr-4.2.2-dev' from 'https://cache.nixos.org'...
copying path '/nix/store/kaxjb8pccjp8fa9jahxrlmb7y2924hgl-nettle-3.10.1-dev' from 'https://cache.nixos.org'...
copying path '/nix/store/9a2152n9cfnp59k4xzh59skvspzsim2q-mkfontscale-1.2.3' from 'https://cache.nixos.org'...
copying path '/nix/store/y4387lqqqdm04clnvcb2w4lhdb08rgch-pcre2-10.44-bin' from 'https://cache.nixos.org'...
copying path '/nix/store/3arjz6f9xzzdyj8x2a6mhh7j3giip5h1-polkit-126-dev' from 'https://cache.nixos.org'...
copying path '/nix/store/2c5rl9hw5n8926qavbp25mknq4jmhz29-python-catch-conflicts-hook' from 'https://cache.nixos.org'...
copying path '/nix/store/n65s5xf5n7ar1k1aabb5zch3nf544fmw-python-namespaces-hook.sh' from 'https://cache.nixos.org'...
copying path '/nix/store/8825wyich1jslcd3sv1p1zjkndrxfr8h-mutter-48.3.1-dev' from 'https://cache.nixos.org'...
copying path '/nix/store/8995kr7c122pgg082ifdl4yxsk5cw2n5-networkmanager-1.52.1-man' from 'https://cache.nixos.org'...
copying path '/nix/store/q0pf6p4ya5zg9jwl8hfs3crrasryfx9y-python-imports-check-hook.sh' from 'https://cache.nixos.org'...
copying path '/nix/store/6xx4kcadvmx74jznh2838wx7cxgmgl7s-nspr-4.37-dev' from 'https://cache.nixos.org'...
copying path '/nix/store/ycrd76pkw1ri94dacdvw2i0kyyvabm07-p11-kit-0.25.5-dev' from 'https://cache.nixos.org'...
copying path '/nix/store/ps2vsq4dn1605w906ivm1vaqpr33p428-plymouth-24.004.60-dev' from 'https://cache.nixos.org'...
copying path '/nix/store/inbr3gqi4nzy50qsr5nbsqy2spdszhsz-libgcrypt-1.10.3-dev' from 'https://cache.nixos.org'...
building '/nix/store/jvwmmc810w3v6lilc5xj0svs2s38ri7d-fc-00-nixos-cache.conf.drv'...
copying path '/nix/store/8wanr390w4w20dwhphcjrvy1yy35pywb-libical-3.0.20-dev' from 'https://cache.nixos.org'...
copying path '/nix/store/nja86zybhyb8swrsg1954569vxwa8x3d-libpwquality-1.4.5-dev' from 'https://cache.nixos.org'...
copying path '/nix/store/2pisz2jspqhih5mj8dll8yrh5addr5dm-libxml2-2.13.8-py' from 'https://cache.nixos.org'...
copying path '/nix/store/djp5f864iv0k1lj9n9clhw37giqv5in8-libxslt-1.1.43-dev' from 'https://cache.nixos.org'...
copying path '/nix/store/c0nxvy0l6g0m88v8gv56f3kynxzyq42r-python3.12-smartypants-2.0.1' from 'https://cache.nixos.org'...
copying path '/nix/store/3cdhgr5fvqrbq4vz4sgfkyrbnmsr18f5-qgnomeplatform-0.8.4' from 'https://cache.nixos.org'...
copying path '/nix/store/i0kinf8gi0khyn05z7b5c3d77c6bkrij-sassc-3.6.2' from 'https://cache.nixos.org'...
copying path '/nix/store/xjmvxjddb449xxyf2ssxdcw4bg97ch0v-systemd-257.10-dev' from 'https://cache.nixos.org'...
copying path '/nix/store/4zfdslqkz848rj9qja7ni571dsnpjcif-qgnomeplatform-0.8.4' from 'https://cache.nixos.org'...
copying path '/nix/store/fj772jq512yslas9yhiwiax9yb1kmfh9-webkitgtk-2.50.1+abi=4.1-dev' from 'https://cache.nixos.org'...
copying path '/nix/store/f86jfxpmr4bx0arfg1pjsc7p6d5ypc88-w3m-0.5.3+git20230121' from 'https://cache.nixos.org'...
copying path '/nix/store/6754py0qnlf9rwpl7x3gw081afzl6fzq-vala-0.56.18' from 'https://cache.nixos.org'...
copying path '/nix/store/98rgldxi2zsjydwk7lkv5q5s2701aw85-webkitgtk-2.50.1+abi=6.0-dev' from 'https://cache.nixos.org'...
building '/nix/store/1pnyjb85mxbj2x1fsnzzcl7shk3qbanl-X11-fonts.drv'...
building '/nix/store/6a1c29m9c9vqsjkdrybpcz2qghli46j3-fix-paths.patch.drv'...
copying path '/nix/store/rwvgylk66pskc8gh01byqz57q0zsv0kc-gcr-4.4.0.1-dev' from 'https://cache.nixos.org'...
copying path '/nix/store/h1v2phgsp6b2yrhpm0c5mynjqhf1r4g4-gnutls-3.8.9-dev' from 'https://cache.nixos.org'...
copying path '/nix/store/mnc3qqzccwdwnawzynvp4i5vi50dl3bz-pcre2-10.44-dev' from 'https://cache.nixos.org'...
copying path '/nix/store/zgnqbnvjrgq8zgpc40wz42w0izm4lyaw-nss-3.101.2-dev' from 'https://cache.nixos.org'...
copying path '/nix/store/8mqczdjwwia20jfiqh1gg6qxl17hqjfh-wrap-gapps-hook' from 'https://cache.nixos.org'...
copying path '/nix/store/gy80xfjag7dfn3hnbpbsc8sp3fi10qr9-upower-1.90.6-dev' from 'https://cache.nixos.org'...
copying path '/nix/store/7gm4x5rksk7nzak94l8qdffagca1xvdm-wrap-gapps-hook' from 'https://cache.nixos.org'...
copying path '/nix/store/qbxhm0zxnnxvmsgh5aqcdfz6sbdjdscf-wrap-python-hook' from 'https://cache.nixos.org'...
copying path '/nix/store/y9bkap0s0al06q0crbfqa0p0w8f6da4b-wrap-gapps-hook' from 'https://cache.nixos.org'...
copying path '/nix/store/wlxm9v1zg1nr3hgj9hxwhy04s5xgzam6-xtrans-1.6.0' from 'https://cache.nixos.org'...
copying path '/nix/store/0zwcv1zm0x25jh7cbv37gdx548wqay6i-xorg-server-21.1.18' from 'https://cache.nixos.org'...
copying path '/nix/store/z5z78iriz8s5ryjzg5i0gzrx4i273zz3-itstool-2.0.7' from 'https://cache.nixos.org'...
copying path '/nix/store/dqp35kv9w25jm44adn8xylp0f051ak47-python3.12-typogrify-2.1.0' from 'https://cache.nixos.org'...
building '/nix/store/hrr8ihx4rxzx644qjkzxcqv6igvjs3p9-X-Restart-Triggers-systemd-udevd.drv'...
building '/nix/store/5np72jgirmmqw0djzcxc2qg3x71z79r1-fontconfig-conf.drv'...
building '/nix/store/6f1l80w74n7cyv5p6p3i5pn7g35yaark-home-manager-path.drv'...
building '/nix/store/zllk6i6dqkxp5chqw7krngajdqa3d9m4-home-manager-path.drv'...
building '/nix/store/pppk9wfi1r5p57iz570zga93s6xr7z7g-man-paths.drv'...
building '/nix/store/5sid5sxgdnfqb0p8dgnfc32dd5s3z95z-qgnomeplatform-0.8.4-fish-completions.drv'...
copying path '/nix/store/4d629j5vliw1hx5f6la53vh9j9qmabc2-evolution-data-server-3.56.2-dev' from 'https://cache.nixos.org'...
copying path '/nix/store/6lackim1m940lh9vns30dmqx4gd3k0bz-gi-docgen-2025.3' from 'https://cache.nixos.org'...
copying path '/nix/store/ihaw50ryd13j0fazikbsx0z568d0sq06-xmlto-0.0.29' from 'https://cache.nixos.org'...
copying path '/nix/store/fx8hhhlbkpngv1fhl1dh1767zgvzkypl-xvfb-run-1+g87f6705' from 'https://cache.nixos.org'...
copying path '/nix/store/fnsgxgbs5cgvg0zgmagxmdy8hki9yq3d-networkmanager-1.52.1-dev' from 'https://cache.nixos.org'...
building '/nix/store/ikxiypcbz8hilwl1vzxjscc29hclvran-qgnomeplatform-0.8.4-fish-completions.drv'...
building '/nix/store/idz9nd6irjd9pndsvg0z858z69gy5h8v-unit-display-manager.service.drv'...
building '/nix/store/ds2z9irk7kp9bn6v0n16nk06b40clvz0-unit-systemd-tmpfiles-resetup.service.drv'...
building '/nix/store/pa5yv36dr00lpbqvviin18mfhl4bvv4v-fontconfig-etc.drv'...
building '/nix/store/a8kp2r40p50x3dlv6kyp2ni85fbmmf4m-gtksourceview-4.8.4.drv'...
building '/nix/store/236l0hb134v0sgbq5miahs3cwaanllh5-unit-systemd-udevd.service.drv'...
building '/nix/store/9g6l10sgnh5f9k2r06mlxasjfahfzbx8-chloe-fish-completions.drv'...
building '/nix/store/hdrj2pd68478adm7s1hq4j00q4spflfs-gdm-48.0.drv'...
building '/nix/store/66gnn5b9gy32wrv31dmmjvrihbxh6pyb-gtksourceview-5.16.0.drv'...
building '/nix/store/ljz2zzs9bsj7pj53pkm4v69mqq50ai6l-man-cache.drv'...
building '/nix/store/jiqkcxg1vfd210mij7zkmfkxfhkli7jy-steam-fhsenv-rootfs.drv'...
building '/nix/store/8rnp4jcwdm5412m09l3vzwpjy9d10dqw-steam-run-fhsenv-rootfs.drv'...
building '/nix/store/hwfgcgs03n1dp2lh0f3syn70wlwd64dl-hm_fontconfigconf.d10hmfonts.conf.drv'...
building '/nix/store/s268ramfyjyw50grdqal1c7wiqpjkid3-hm_fontconfigconf.d10hmfonts.conf.drv'...
building '/nix/store/dx3x6qaklbbvrscdsx19ya0jpyzx0diz-user-environment.drv'...
building '/nix/store/yn1dm2hbh8wz5qdn39hm8bbfjwfizr0f-user-environment.drv'...
building '/nix/store/ad50cxn42zc826p7ah2sfcz4qaksgaj6-home-manager-files.drv'...
building '/nix/store/4i3vx80jxby5mw68qjqzmzkm3kwl7f94-hm_.manpath.drv'...
building '/nix/store/ccdkvzwg0ryvrzd2n77cxwjqzqqpym9y-home-manager-generation.drv'...
building '/nix/store/akkdjjzmig66al9an50ak97dp445ys4n-home-manager-files.drv'...
building '/nix/store/g559scqsj7x00q7qflb1z89qgfz7x7yx-unit-home-manager-chloe-x2dinventor.service.drv'...
building '/nix/store/ilwvbwhbd7nvfc2zvhb6nfn2pfjqlmir-home-manager-generation.drv'...
building '/nix/store/kixbd7zpvhsfxg6n914vqxqlirsngx1l-steam-bwrap.drv'...
building '/nix/store/f68jyzhnnlpqba1gkgzc1v1knsh84v2f-steam-run-bwrap.drv'...
building '/nix/store/ai7v5wk8pwyds589lh1f4x9y5rg02ncd-unit-home-manager-chloe.service.drv'...
building '/nix/store/rfgkp24avkh7rg9y6rrxf3icsfw3jbwq-steam-run.drv'...
building '/nix/store/yf0fc8m9pfwslzikassq2wv1f84jnkgg-steam.drv'...
building '/nix/store/zqxx9jlvnmnha14kl91grv0w03nw8x6l-sushi-46.0.drv'...
building '/nix/store/xlwyf5gw13sz8pv6r8784ak74r5bb19n-gnome-initial-setup-48.1.drv'...
building '/nix/store/7x422502fpvavs6arsj9mr835di50s6z-gnome-shell-48.2.drv'...
building '/nix/store/ji5xv7hvxzpkmhz611kki8lgr0hsaa1h-check-dconf-db.drv'...
building '/nix/store/jblr3b4dj1ap2ib6djxzrcfqh5y5ffsd-gnome-initial-setup.drv'...
building '/nix/store/g9rpysp01irasrya19lzl46si6q7m4cr-dconf-system-config.drv'...
building '/nix/store/7g0wdfb1ly5ihpfvcwp5dll42abyblx3-gnome-calculator-48.1.drv'...
building '/nix/store/8xv9pw7h3crnrdwj5xhcgwyqd20g04n3-libspelling-0.4.8.drv'...
building '/nix/store/rcwax6xvhzys8q0vvpkdq9pqqxkfmjyd-gnome-browser-connector-42.1.drv'...
building '/nix/store/4vh1hnada02vj3yvasjrvqqpxfcnrp0p-gnome-gsettings-overrides.drv'...
building '/nix/store/iz8vnmmdayg8nhhc9n402lqi8kcmxmk2-gnome-session-48.0.drv'...
building '/nix/store/jm4z1yhbgz6x30yshgnddbli2xhw87y2-gnome-text-editor-48.3.drv'...
building '/nix/store/x0fn9g59mmmw3bi7qws0c3wn5zw7igd9-desktops.drv'...
building '/nix/store/wgilsqsqymaq90zxhpwpsad31dmah41c-system-generators.drv'...
building '/nix/store/aj3y0zpm8p1x9sgwg29nlkqlmvs045zx-system-shutdown.drv'...
building '/nix/store/1l3782x3lpnvyk2lihz3vydlg9jdwxgx-user-generators.drv'...
building '/nix/store/l3b41mx90xnydiisi97s77b7i9fy318q-config.ini.drv'...
building '/nix/store/gppvavdrydwf3hy86ya046nn3cdmb0bj-system-path.drv'...
building '/nix/store/yb55sj8314fk282rnjb4prf2pb3885z1-X-Restart-Triggers-polkit.drv'...
building '/nix/store/bnmx0gxgvhrxcpilmrkw3yqp3s0f0gqy-dbus-1.drv'...
building '/nix/store/4q404zcp7mrkwv7brpjjdx1acjqzhqml-etc-pam-environment.drv'...
building '/nix/store/31ay1g6c0vy8znrwp98z3gn845cy9dll-set-environment.drv'...
building '/nix/store/lk381rww46dznrxmnrpn3w5s51n3884k-unit-accounts-daemon.service.drv'...
building '/nix/store/jqaaqyd6acsv7sfxg8sjwf5p2bddk1kn-X-Restart-Triggers-dbus.drv'...
building '/nix/store/rc6qqjfbjvi50rf4qfl9c0yr7hsj09rf-etc-profile.drv'...
building '/nix/store/jdgysf1jkpgqnw7s03z0bm4a0b2b3hyi-unit-polkit.service.drv'...
building '/nix/store/wcdp31m07s3nxv19z4qqid78gblq68z4-unit-dbus.service.drv'...
building '/nix/store/yn8pzr2xhffqc7ci6rx3p87fxndr7p66-unit-dbus.service.drv'...
building '/nix/store/1v38n1n418j259gy4c71mfjdk4pn0vjp-system-units.drv'...
building '/nix/store/p5869m8hlqhbak5aj9y52dlh8qinyp02-user-units.drv'...
building '/nix/store/sxbjsi6kpa960lwcb7jr3rcb5ci9j3fd-etc.drv'...
building '/nix/store/59m58wc13kfghfz0dglhzl783ih3lrgd-nixos-system-chloe-laptop-25.05.20251107.6faeb06.drv'...
updating GRUB 2 menu...
Warning: os-prober will be executed to detect other bootable partitions.
Its output will be used to detect bootable binaries on them and create new boot entries.
lsblk: /dev/mapper/no*[0-9]: not a block device
lsblk: /dev/mapper/block*[0-9]: not a block device
lsblk: /dev/mapper/devices*[0-9]: not a block device
lsblk: /dev/mapper/found*[0-9]: not a block device
stopping the following units: cups.service, cups.socket
NOT restarting the following changed units: display-manager.service
activating the configuration...
reviving group 'avahi' with GID 999
reviving group 'colord' with GID 998
reviving group 'geoclue' with GID 997
reviving group 'gnome-remote-desktop' with GID 996
reviving user 'avahi' with UID 999
reviving user 'colord' with UID 998
reviving user 'geoclue' with UID 997
reviving user 'gnome-remote-desktop' with UID 996
setting up /etc...
reloading user units for chloe...
restarting sysinit-reactivation.target
reloading the following units: dbus.service, firewall.service
restarting the following units: polkit.service, systemd-udevd.service
starting the following units: cups.socket
the following new units were started: accounts-daemon.service, avahi-daemon.service, avahi-daemon.socket, bluetooth.service, cups-browsed.service, NetworkManager-dispatcher.service, sysinit-reactivation.target, systemd-hostnamed.service, systemd-tmpfiles-resetup.service, upower.service
Done. The new configuration is /nix/store/3id8wd858ca759ins5lrmjz2z63a5iy1-nixos-system-chloe-laptop-25.05.20251107.6faeb06
